[29.12.2020, 15:12:10] [INFO]: App Started at url: / [] []
[29.12.2020, 15:12:24] [INFO]: App Started at url: / [] []
[29.12.2020, 17:12:28] [INFO]: App Started at url: /user/Paul [] []
[29.12.2020, 17:12:31] [INFO]: App Started at url: /user/Paul [] []
[29.12.2020, 17:12:39] [INFO]: App Started at url: /user/demo [] []
[29.12.2020, 17:12:46] [INFO]: App Started at url: /user/ [] []
[29.12.2020, 17:12:49] [INFO]: App Started at url: /user [] []
[29.12.2020, 17:12:21] [INFO]: App Started at url: /user [] []
[29.12.2020, 17:12:22] [INFO]: App Started at url: /user [] []
[29.12.2020, 17:12:24] [INFO]: App Started at url: / [] []
[29.12.2020, 17:12:52] [INFO]: App Started at url: / [] []
[29.12.2020, 17:12:54] [INFO]: App Started at url: /user/demo [] []
[29.12.2020, 17:12:13] [INFO]: App Started at url: /user/demo [] []
[29.12.2020, 17:12:42] [INFO]: App Started at url: / [] []
[29.12.2020, 17:12:44] [INFO]: App Started at url: /user/demo [] []
[29.12.2020, 17:12:47] [INFO]: App Started at url: /user/demo [] []
[29.12.2020, 17:12:08] [INFO]: App Started at url: / [] []
[29.12.2020, 17:12:30] [INFO]: App Started at url: / [] []
[29.12.2020, 17:12:31] [INFO]: App Started at url: / [] []
[29.12.2020, 17:12:47] [INFO]: App Started at url: / [] []
[29.12.2020, 17:12:48] [INFO]: App Started at url: / [] []
[29.12.2020, 17:12:08] [INFO]: App Started at url: / [] []
[29.12.2020, 17:12:09] [INFO]: App Started at url: / [] []
